{"numFailedTestSuites":2,"numFailedTests":2,"numPassedTestSuites":3,"numPassedTests":71,"numPendingTestSuites":0,"numPendingTests":0,"numRuntimeErrorTestSuites":0,"numTodoTests":0,"numTotalTestSuites":5,"numTotalTests":73,"openHandles":[],"snapshot":{"added":0,"didUpdate":false,"failure":false,"filesAdded":0,"filesRemoved":0,"filesRemovedList":[],"filesUnmatched":0,"filesUpdated":0,"matched":0,"total":0,"unchecked":0,"uncheckedKeysByFile":[],"unmatched":0,"updated":0},"startTime":1781229861150,"success":false,"testResults":[{"assertionResults":[{"ancestorTitles":["Reverse Module","convertClipboardToYaml"],"duration":8,"failing":false,"failureDetails":[],"failureMessages":[],"fullName":"Reverse Module convertClipboardToYaml should convert basic clipboard data to YAML format","invocations":1,"location":null,"numPassingAsserts":5,"retryReasons":[],"startAt":1781229864212,"status":"passed","title":"should convert basic clipboard data to YAML format"},{"ancestorTitles":["Reverse Module","convertClipboardToYaml"],"duration":1,"failing":false,"failureDetails":[],"failureMessages":[],"fullName":"Reverse Module convertClipboardToYaml should convert LLM node with parameters","invocations":1,"location":null,"numPassingAsserts":2,"retryReasons":[],"startAt":1781229864221,"status":"passed","title":"should convert LLM node with parameters"},{"ancestorTitles":["Reverse Module","convertClipboardToYaml"],"duration":1,"failing":false,"failureDetails":[],"failureMessages":[],"fullName":"Reverse Module convertClipboardToYaml should use fallback name when name is missing","invocations":1,"location":null,"numPassingAsserts":1,"retryReasons":[],"startAt":1781229864222,"status":"passed","title":"should use fallback name when name is missing"},{"ancestorTitles":["Reverse Module","convertClipboardToYaml"],"duration":2,"failing":false,"failureDetails":[],"failureMessages":[],"fullName":"Reverse Module convertClipboardToYaml should default position to 0,0 when missing","invocations":1,"location":null,"numPassingAsserts":3,"retryReasons":[],"startAt":1781229864223,"status":"passed","title":"should default position to 0,0 when missing"},{"ancestorTitles":["Reverse Module","convertClipboardToYaml"],"duration":1,"failing":false,"failureDetails":[],"failureMessages":[],"fullName":"Reverse Module convertClipboardToYaml should handle empty nodes array","invocations":1,"location":null,"numPassingAsserts":2,"retryReasons":[],"startAt":1781229864225,"status":"passed","title":"should handle empty nodes array"},{"ancestorTitles":["Reverse Module","convertClipboardToYaml"],"duration":74,"failing":false,"failureDetails":[],"failureMessages":[],"fullName":"Reverse Module convertClipboardToYaml should handle null input gracefully","invocations":1,"location":null,"numPassingAsserts":1,"retryReasons":[],"startAt":1781229864227,"status":"passed","title":"should handle null input gracefully"},{"ancestorTitles":["Reverse Module","convertClipboardToYaml"],"duration":5,"failing":false,"failureDetails":[],"failureMessages":[],"fullName":"Reverse Module convertClipboardToYaml should convert condition node with branches","invocations":1,"location":null,"numPassingAsserts":1,"retryReasons":[],"startAt":1781229864302,"status":"passed","title":"should convert condition node with branches"},{"ancestorTitles":["Reverse Module","convertClipboardToYaml"],"duration":8,"failing":false,"failureDetails":[{"matcherResult":{"actual":{"type":"string","value":{"content":"https://api.example.com"}},"expected":"https://api.example.com","message":"expect(received).toBe(expected) // Object.is equality\n\nExpected: \"https://api.example.com\"\nReceived: {\"type\": \"string\", \"value\": {\"content\": \"https://api.example.com\"}}","name":"toBe","pass":false}}],"failureMessages":["Error: expect(received).toBe(expected) // Object.is equality\n\nExpected: \"https://api.example.com\"\nReceived: {\"type\": \"string\", \"value\": {\"content\": \"https://api.example.com\"}}\n    at Object.toBe (C:\\Users\\Administrator\\Desktop\\workflow\\tests\\reverse.test.js:221:52)\n    at Promise.finally.completed (C:\\Users\\Administrator\\Desktop\\workflow\\node_modules\\jest-circus\\build\\jestAdapterInit.js:1561:28)\n    at new Promise (<anonymous>)\n    at callAsyncCircusFn (C:\\Users\\Administrator\\Desktop\\workflow\\node_modules\\jest-circus\\build\\jestAdapterInit.js:1501:10)\n    at _callCircusTest (C:\\Users\\Administrator\\Desktop\\workflow\\node_modules\\jest-circus\\build\\jestAdapterInit.js:1011:40)\n    at processTicksAndRejections (node:internal/process/task_queues:95:5)\n    at _runTest (C:\\Users\\Administrator\\Desktop\\workflow\\node_modules\\jest-circus\\build\\jestAdapterInit.js:951:3)\n    at C:\\Users\\Administrator\\Desktop\\workflow\\node_modules\\jest-circus\\build\\jestAdapterInit.js:853:7\n    at _runTestsForDescribeBlock (C:\\Users\\Administrator\\Desktop\\workflow\\node_modules\\jest-circus\\build\\jestAdapterInit.js:866:11)\n    at _runTestsForDescribeBlock (C:\\Users\\Administrator\\Desktop\\workflow\\node_modules\\jest-circus\\build\\jestAdapterInit.js:861:11)\n    at _runTestsForDescribeBlock (C:\\Users\\Administrator\\Desktop\\workflow\\node_modules\\jest-circus\\build\\jestAdapterInit.js:861:11)\n    at run (C:\\Users\\Administrator\\Desktop\\workflow\\node_modules\\jest-circus\\build\\jestAdapterInit.js:765:3)\n    at runAndTransformResultsToJestFormat (C:\\Users\\Administrator\\Desktop\\workflow\\node_modules\\jest-circus\\build\\jestAdapterInit.js:1993:21)\n    at jestAdapter (C:\\Users\\Administrator\\Desktop\\workflow\\node_modules\\jest-circus\\build\\runner.js:111:19)\n    at runTestInternal (C:\\Users\\Administrator\\Desktop\\workflow\\node_modules\\jest-runner\\build\\testWorker.js:276:16)\n    at runTest (C:\\Users\\Administrator\\Desktop\\workflow\\node_modules\\jest-runner\\build\\testWorker.js:344:7)\n    at Object.worker (C:\\Users\\Administrator\\Desktop\\workflow\\node_modules\\jest-runner\\build\\testWorker.js:498:12)"],"fullName":"Reverse Module convertClipboardToYaml should convert http node with url parameter","invocations":1,"location":null,"numPassingAsserts":1,"retryReasons":[],"startAt":1781229864307,"status":"failed","title":"should convert http node with url parameter"}],"endTime":1781229864367,"message":"  ● Reverse Module › convertClipboardToYaml › should convert http node with url parameter\n\n    expect(received).toBe(expected) // Object.is equality\n\n    Expected: \"https://api.example.com\"\n    Received: {\"type\": \"string\", \"value\": {\"content\": \"https://api.example.com\"}}\n\n    \u001b[0m \u001b[90m 219 |\u001b[39m             \u001b[36mconst\u001b[39m result \u001b[33m=\u001b[39m convertClipboardToYaml(clipboardData)\u001b[33m;\u001b[39m\n     \u001b[90m 220 |\u001b[39m             expect(result\u001b[33m.\u001b[39mnodes[\u001b[35m0\u001b[39m]\u001b[33m.\u001b[39mtype)\u001b[33m.\u001b[39mtoBe(\u001b[32m'http'\u001b[39m)\u001b[33m;\u001b[39m\n    \u001b[31m\u001b[1m>\u001b[22m\u001b[39m\u001b[90m 221 |\u001b[39m             expect(result\u001b[33m.\u001b[39mnodes[\u001b[35m0\u001b[39m]\u001b[33m.\u001b[39mparameters\u001b[33m.\u001b[39murl)\u001b[33m.\u001b[39mtoBe(\u001b[32m'https://api.example.com'\u001b[39m)\u001b[33m;\u001b[39m\n     \u001b[90m     |\u001b[39m                                                    \u001b[31m\u001b[1m^\u001b[22m\u001b[39m\n     \u001b[90m 222 |\u001b[39m             expect(result\u001b[33m.\u001b[39mnodes[\u001b[35m0\u001b[39m]\u001b[33m.\u001b[39mparameters\u001b[33m.\u001b[39mmethod)\u001b[33m.\u001b[39mtoBe(\u001b[32m'GET'\u001b[39m)\u001b[33m;\u001b[39m\n     \u001b[90m 223 |\u001b[39m         })\u001b[33m;\u001b[39m\n     \u001b[90m 224 |\u001b[39m     })\u001b[33m;\u001b[39m\u001b[0m\n\n      at Object.toBe (tests/reverse.test.js:221:52)\n","name":"C:\\Users\\Administrator\\Desktop\\workflow\\tests\\reverse.test.js","startTime":1781229861759,"status":"failed","summary":""},{"assertionResults":[{"ancestorTitles":["StringUtils.escapeHtml"],"duration":9,"failing":false,"failureDetails":[],"failureMessages":[],"fullName":"StringUtils.escapeHtml should escape < > & \" characters","invocations":1,"location":null,"numPassingAsserts":3,"retryReasons":[],"startAt":1781229864845,"status":"passed","title":"should escape < > & \" characters"},{"ancestorTitles":["StringUtils.escapeHtml"],"duration":1,"failing":false,"failureDetails":[],"failureMessages":[],"fullName":"StringUtils.escapeHtml should return empty string for falsy values","invocations":1,"location":null,"numPassingAsserts":3,"retryReasons":[],"startAt":1781229864857,"status":"passed","title":"should return empty string for falsy values"},{"ancestorTitles":["StringUtils.escapeHtml"],"duration":1,"failing":false,"failureDetails":[],"failureMessages":[],"fullName":"StringUtils.escapeHtml should not escape safe characters","invocations":1,"location":null,"numPassingAsserts":3,"retryReasons":[],"startAt":1781229864859,"status":"passed","title":"should not escape safe characters"},{"ancestorTitles":["StringUtils.escapeHtml"],"duration":2,"failing":false,"failureDetails":[],"failureMessages":[],"fullName":"StringUtils.escapeHtml should escape attribute-breaking chars in user data","invocations":1,"location":null,"numPassingAsserts":4,"retryReasons":[],"startAt":1781229864861,"status":"passed","title":"should escape attribute-breaking chars in user data"},{"ancestorTitles":["Reverse Module","convertClipboardToYaml"],"duration":3,"failing":false,"failureDetails":[],"failureMessages":[],"fullName":"Reverse Module convertClipboardToYaml should convert basic clipboard data to YAML format","invocations":1,"location":null,"numPassingAsserts":5,"retryReasons":[],"startAt":1781229864863,"status":"passed","title":"should convert basic clipboard data to YAML format"},{"ancestorTitles":["Reverse Module","convertClipboardToYaml"],"duration":3,"failing":false,"failureDetails":[],"failureMessages":[],"fullName":"Reverse Module convertClipboardToYaml should use fallback name when missing","invocations":1,"location":null,"numPassingAsserts":1,"retryReasons":[],"startAt":1781229864866,"status":"passed","title":"should use fallback name when missing"},{"ancestorTitles":["Reverse Module","convertClipboardToYaml"],"duration":0,"failing":false,"failureDetails":[],"failureMessages":[],"fullName":"Reverse Module convertClipboardToYaml should ensure workflow id is a string","invocations":1,"location":null,"numPassingAsserts":2,"retryReasons":[],"startAt":1781229864869,"status":"passed","title":"should ensure workflow id is a string"},{"ancestorTitles":["Reverse Module","convertClipboardToYaml"],"duration":2,"failing":false,"failureDetails":[],"failureMessages":[],"fullName":"Reverse Module convertClipboardToYaml should convert nodes with positions","invocations":1,"location":null,"numPassingAsserts":5,"retryReasons":[],"startAt":1781229864870,"status":"passed","title":"should convert nodes with positions"},{"ancestorTitles":["Reverse Module","convertClipboardToYaml"],"duration":1,"failing":false,"failureDetails":[],"failureMessages":[],"fullName":"Reverse Module convertClipboardToYaml should default position to 0,0 when missing","invocations":1,"location":null,"numPassingAsserts":1,"retryReasons":[],"startAt":1781229864872,"status":"passed","title":"should default position to 0,0 when missing"},{"ancestorTitles":["Reverse Module","convertClipboardToYaml"],"duration":1,"failing":false,"failureDetails":[],"failureMessages":[],"fullName":"Reverse Module convertClipboardToYaml should convert edges with port references","invocations":1,"location":null,"numPassingAsserts":5,"retryReasons":[],"startAt":1781229864874,"status":"passed","title":"should convert edges with port references"},{"ancestorTitles":["WorkflowCore","createNode"],"duration":2,"failing":false,"failureDetails":[],"failureMessages":[],"fullName":"WorkflowCore createNode should create a node with all required properties","invocations":1,"location":null,"numPassingAsserts":5,"retryReasons":[],"startAt":1781229864876,"status":"passed","title":"should create a node with all required properties"},{"ancestorTitles":["WorkflowCore","createNode"],"duration":28,"failing":false,"failureDetails":[],"failureMessages":[],"fullName":"WorkflowCore createNode should assign incremental IDs starting from 100001","invocations":1,"location":null,"numPassingAsserts":3,"retryReasons":[],"startAt":1781229864881,"status":"passed","title":"should assign incremental IDs starting from 100001"},{"ancestorTitles":["WorkflowCore","createNode"],"duration":3,"failing":false,"failureDetails":[],"failureMessages":[],"fullName":"WorkflowCore createNode should merge custom data when provided","invocations":1,"location":null,"numPassingAsserts":2,"retryReasons":[],"startAt":1781229864909,"status":"passed","title":"should merge custom data when provided"},{"ancestorTitles":["WorkflowCore","createNode"],"duration":8,"failing":false,"failureDetails":[],"failureMessages":[],"fullName":"WorkflowCore createNode should provide fallback values for unknown node types","invocations":1,"location":null,"numPassingAsserts":2,"retryReasons":[],"startAt":1781229864913,"status":"passed","title":"should provide fallback values for unknown node types"},{"ancestorTitles":["WorkflowCore","deleteNode"],"duration":1,"failing":false,"failureDetails":[],"failureMessages":[],"fullName":"WorkflowCore deleteNode should remove node and its connected edges","invocations":1,"location":null,"numPassingAsserts":4,"retryReasons":[],"startAt":1781229864921,"status":"passed","title":"should remove node and its connected edges"},{"ancestorTitles":["WorkflowCore","deleteNode"],"duration":0,"failing":false,"failureDetails":[],"failureMessages":[],"fullName":"WorkflowCore deleteNode should be safe to call with non-existent id","invocations":1,"location":null,"numPassingAsserts":1,"retryReasons":[],"startAt":1781229864923,"status":"passed","title":"should be safe to call with non-existent id"},{"ancestorTitles":["WorkflowCore","createEdge"],"duration":1,"failing":false,"failureDetails":[],"failureMessages":[],"fullName":"WorkflowCore createEdge should create a connection between two nodes","invocations":1,"location":null,"numPassingAsserts":3,"retryReasons":[],"startAt":1781229864924,"status":"passed","title":"should create a connection between two nodes"},{"ancestorTitles":["WorkflowCore","createEdge"],"duration":1,"failing":false,"failureDetails":[],"failureMessages":[],"fullName":"WorkflowCore createEdge should reject duplicate connections","invocations":1,"location":null,"numPassingAsserts":2,"retryReasons":[],"startAt":1781229864925,"status":"passed","title":"should reject duplicate connections"},{"ancestorTitles":["WorkflowCore","deleteEdge"],"duration":9,"failing":false,"failureDetails":[],"failureMessages":[],"fullName":"WorkflowCore deleteEdge should remove the specified edge only","invocations":1,"location":null,"numPassingAsserts":3,"retryReasons":[],"startAt":1781229864926,"status":"passed","title":"should remove the specified edge only"},{"ancestorTitles":["WorkflowCore","saveHistory / undo / redo"],"duration":5,"failing":false,"failureDetails":[],"failureMessages":[],"fullName":"WorkflowCore saveHistory / undo / redo should capture state snapshots on save","invocations":1,"location":null,"numPassingAsserts":3,"retryReasons":[],"startAt":1781229864935,"status":"passed","title":"should capture state snapshots on save"},{"ancestorTitles":["WorkflowCore","saveHistory / undo / redo"],"duration":0,"failing":false,"failureDetails":[],"failureMessages":[],"fullName":"WorkflowCore saveHistory / undo / redo should restore previous state on undo","invocations":1,"location":null,"numPassingAsserts":3,"retryReasons":[],"startAt":1781229864941,"status":"passed","title":"should restore previous state on undo"},{"ancestorTitles":["WorkflowCore","saveHistory / undo / redo"],"duration":1,"failing":false,"failureDetails":[],"failureMessages":[],"fullName":"WorkflowCore saveHistory / undo / redo should cap history at max limit (50)","invocations":1,"location":null,"numPassingAsserts":1,"retryReasons":[],"startAt":1781229864941,"status":"passed","title":"should cap history at max limit (50)"},{"ancestorTitles":["WorkflowCore","saveHistory / undo / redo"],"duration":1,"failing":false,"failureDetails":[],"failureMessages":[],"fullName":"WorkflowCore saveHistory / undo / redo should be safe to undo at history boundary","invocations":1,"location":null,"numPassingAsserts":1,"retryReasons":[],"startAt":1781229864942,"status":"passed","title":"should be safe to undo at history boundary"},{"ancestorTitles":["WorkflowCore","validate"],"duration":1,"failing":false,"failureDetails":[],"failureMessages":[],"fullName":"WorkflowCore validate should report missing start and end for empty workflow","invocations":1,"location":null,"numPassingAsserts":3,"retryReasons":[],"startAt":1781229864943,"status":"passed","title":"should report missing start and end for empty workflow"},{"ancestorTitles":["WorkflowCore","validate"],"duration":1,"failing":false,"failureDetails":[],"failureMessages":[],"fullName":"WorkflowCore validate should pass when start and end are connected","invocations":1,"location":null,"numPassingAsserts":2,"retryReasons":[],"startAt":1781229864944,"status":"passed","title":"should pass when start and end are connected"},{"ancestorTitles":["WorkflowCore","validate"],"duration":1,"failing":false,"failureDetails":[],"failureMessages":[],"fullName":"WorkflowCore validate should warn about disconnected orphan nodes","invocations":1,"location":null,"numPassingAsserts":1,"retryReasons":[],"startAt":1781229864945,"status":"passed","title":"should warn about disconnected orphan nodes"},{"ancestorTitles":["Highlighter","highlightJson"],"duration":1,"failing":false,"failureDetails":[],"failureMessages":[],"fullName":"Highlighter highlightJson should wrap keys and string values in span tags","invocations":1,"location":null,"numPassingAsserts":2,"retryReasons":[],"startAt":1781229864946,"status":"passed","title":"should wrap keys and string values in span tags"},{"ancestorTitles":["Highlighter","highlightJson"],"duration":0,"failing":false,"failureDetails":[],"failureMessages":[],"fullName":"Highlighter highlightJson should handle invalid JSON by escaping","invocations":1,"location":null,"numPassingAsserts":2,"retryReasons":[],"startAt":1781229864947,"status":"passed","title":"should handle invalid JSON by escaping"},{"ancestorTitles":["Highlighter","highlightJson"],"duration":0,"failing":false,"failureDetails":[],"failureMessages":[],"fullName":"Highlighter highlightJson should produce safe HTML output","invocations":1,"location":null,"numPassingAsserts":3,"retryReasons":[],"startAt":1781229864948,"status":"passed","title":"should produce safe HTML output"},{"ancestorTitles":["Highlighter","highlightYaml"],"duration":1,"failing":false,"failureDetails":[],"failureMessages":[],"fullName":"Highlighter highlightYaml should highlight list items","invocations":1,"location":null,"numPassingAsserts":1,"retryReasons":[],"startAt":1781229864948,"status":"passed","title":"should highlight list items"},{"ancestorTitles":["Highlighter","highlightYaml"],"duration":4,"failing":false,"failureDetails":[],"failureMessages":[],"fullName":"Highlighter highlightYaml should produce safe HTML output","invocations":1,"location":null,"numPassingAsserts":2,"retryReasons":[],"startAt":1781229864949,"status":"passed","title":"should produce safe HTML output"}],"endTime":1781229864960,"message":"","name":"C:\\Users\\Administrator\\Desktop\\workflow\\tests\\core.test.js","startTime":1781229861723,"status":"passed","summary":""},{"assertionResults":[{"ancestorTitles":["WorkflowClipboard","copy"],"duration":41,"failing":false,"failureDetails":[],"failureMessages":[],"fullName":"WorkflowClipboard copy should copy selected nodes to Coze format","invocations":1,"location":null,"numPassingAsserts":1,"retryReasons":[],"startAt":1781229865031,"status":"passed","title":"should copy selected nodes to Coze format"},{"ancestorTitles":["WorkflowClipboard","copy"],"duration":6,"failing":false,"failureDetails":[],"failureMessages":[],"fullName":"WorkflowClipboard copy should handle empty selection","invocations":1,"location":null,"numPassingAsserts":1,"retryReasons":[],"startAt":1781229865073,"status":"passed","title":"should handle empty selection"},{"ancestorTitles":["WorkflowClipboard","pasteFromCozeFormat"],"duration":3,"failing":false,"failureDetails":[],"failureMessages":[],"fullName":"WorkflowClipboard pasteFromCozeFormat should paste nodes from Coze clipboard data","invocations":1,"location":null,"numPassingAsserts":3,"retryReasons":[],"startAt":1781229865079,"status":"passed","title":"should paste nodes from Coze clipboard data"},{"ancestorTitles":["WorkflowClipboard","pasteFromCozeFormat"],"duration":1,"failing":false,"failureDetails":[],"failureMessages":[],"fullName":"WorkflowClipboard pasteFromCozeFormat should handle Coze data without json field","invocations":1,"location":null,"numPassingAsserts":1,"retryReasons":[],"startAt":1781229865082,"status":"passed","title":"should handle Coze data without json field"},{"ancestorTitles":["WorkflowClipboard","pasteFromCozeFormat"],"duration":1,"failing":false,"failureDetails":[],"failureMessages":[],"fullName":"WorkflowClipboard pasteFromCozeFormat should handle Coze data without nodes","invocations":1,"location":null,"numPassingAsserts":1,"retryReasons":[],"startAt":1781229865086,"status":"passed","title":"should handle Coze data without nodes"},{"ancestorTitles":["WorkflowClipboard","pasteFromCozeFormat"],"duration":3,"failing":false,"failureDetails":[{"matcherResult":{"message":"expect(received).toBeGreaterThan(expected)\n\nExpected: > 100\nReceived:   100","pass":false}}],"failureMessages":["Error: expect(received).toBeGreaterThan(expected)\n\nExpected: > 100\nReceived:   100\n    at Object.toBeGreaterThan (C:\\Users\\Administrator\\Desktop\\workflow\\tests\\clipboard.test.js:156:29)\n    at Promise.finally.completed (C:\\Users\\Administrator\\Desktop\\workflow\\node_modules\\jest-circus\\build\\jestAdapterInit.js:1561:28)\n    at new Promise (<anonymous>)\n    at callAsyncCircusFn (C:\\Users\\Administrator\\Desktop\\workflow\\node_modules\\jest-circus\\build\\jestAdapterInit.js:1501:10)\n    at _callCircusTest (C:\\Users\\Administrator\\Desktop\\workflow\\node_modules\\jest-circus\\build\\jestAdapterInit.js:1011:40)\n    at processTicksAndRejections (node:internal/process/task_queues:95:5)\n    at _runTest (C:\\Users\\Administrator\\Desktop\\workflow\\node_modules\\jest-circus\\build\\jestAdapterInit.js:951:3)\n    at C:\\Users\\Administrator\\Desktop\\workflow\\node_modules\\jest-circus\\build\\jestAdapterInit.js:853:7\n    at _runTestsForDescribeBlock (C:\\Users\\Administrator\\Desktop\\workflow\\node_modules\\jest-circus\\build\\jestAdapterInit.js:866:11)\n    at _runTestsForDescribeBlock (C:\\Users\\Administrator\\Desktop\\workflow\\node_modules\\jest-circus\\build\\jestAdapterInit.js:861:11)\n    at _runTestsForDescribeBlock (C:\\Users\\Administrator\\Desktop\\workflow\\node_modules\\jest-circus\\build\\jestAdapterInit.js:861:11)\n    at run (C:\\Users\\Administrator\\Desktop\\workflow\\node_modules\\jest-circus\\build\\jestAdapterInit.js:765:3)\n    at runAndTransformResultsToJestFormat (C:\\Users\\Administrator\\Desktop\\workflow\\node_modules\\jest-circus\\build\\jestAdapterInit.js:1993:21)\n    at jestAdapter (C:\\Users\\Administrator\\Desktop\\workflow\\node_modules\\jest-circus\\build\\runner.js:111:19)\n    at runTestInternal (C:\\Users\\Administrator\\Desktop\\workflow\\node_modules\\jest-runner\\build\\testWorker.js:276:16)\n    at runTest (C:\\Users\\Administrator\\Desktop\\workflow\\node_modules\\jest-runner\\build\\testWorker.js:344:7)\n    at Object.worker (C:\\Users\\Administrator\\Desktop\\workflow\\node_modules\\jest-runner\\build\\testWorker.js:498:12)"],"fullName":"WorkflowClipboard pasteFromCozeFormat should offset pasted nodes position","invocations":1,"location":null,"numPassingAsserts":0,"retryReasons":[],"startAt":1781229865088,"status":"failed","title":"should offset pasted nodes position"},{"ancestorTitles":["WorkflowClipboard","copy (Coze format)"],"duration":2,"failing":false,"failureDetails":[],"failureMessages":[],"fullName":"WorkflowClipboard copy (Coze format) should generate Coze clipboard format","invocations":1,"location":null,"numPassingAsserts":2,"retryReasons":[],"startAt":1781229865112,"status":"passed","title":"should generate Coze clipboard format"}],"endTime":1781229865149,"message":"  ● WorkflowClipboard › pasteFromCozeFormat › should offset pasted nodes position\n\n    expect(received).toBeGreaterThan(expected)\n\n    Expected: > 100\n    Received:   100\n\n    \u001b[0m \u001b[90m 154 |\u001b[39m             \u001b[90m// Second paste should have offset position\u001b[39m\n     \u001b[90m 155 |\u001b[39m             \u001b[36mconst\u001b[39m node2 \u001b[33m=\u001b[39m core\u001b[33m.\u001b[39mnodes[\u001b[35m1\u001b[39m]\u001b[33m;\u001b[39m\n    \u001b[31m\u001b[1m>\u001b[22m\u001b[39m\u001b[90m 156 |\u001b[39m             expect(node2\u001b[33m.\u001b[39mx)\u001b[33m.\u001b[39mtoBeGreaterThan(\u001b[35m100\u001b[39m)\u001b[33m;\u001b[39m\n     \u001b[90m     |\u001b[39m                             \u001b[31m\u001b[1m^\u001b[22m\u001b[39m\n     \u001b[90m 157 |\u001b[39m             expect(node2\u001b[33m.\u001b[39my)\u001b[33m.\u001b[39mtoBeGreaterThan(\u001b[35m200\u001b[39m)\u001b[33m;\u001b[39m\n     \u001b[90m 158 |\u001b[39m         })\u001b[33m;\u001b[39m\n     \u001b[90m 159 |\u001b[39m     })\u001b[33m;\u001b[39m\u001b[0m\n\n      at Object.toBeGreaterThan (tests/clipboard.test.js:156:29)\n","name":"C:\\Users\\Administrator\\Desktop\\workflow\\tests\\clipboard.test.js","startTime":1781229861745,"status":"failed","summary":""},{"assertionResults":[{"ancestorTitles":["Converter Module","convertNode"],"duration":9,"failing":false,"failureDetails":[],"failureMessages":[],"fullName":"Converter Module convertNode should convert a basic start node","invocations":1,"location":null,"numPassingAsserts":4,"retryReasons":[],"startAt":1781229865278,"status":"passed","title":"should convert a basic start node"},{"ancestorTitles":["Converter Module","convertNode"],"duration":2,"failing":false,"failureDetails":[],"failureMessages":[],"fullName":"Converter Module convertNode should convert a basic end node","invocations":1,"location":null,"numPassingAsserts":3,"retryReasons":[],"startAt":1781229865288,"status":"passed","title":"should convert a basic end node"},{"ancestorTitles":["Converter Module","convertNode"],"duration":2,"failing":false,"failureDetails":[],"failureMessages":[],"fullName":"Converter Module convertNode should convert a LLM node","invocations":1,"location":null,"numPassingAsserts":2,"retryReasons":[],"startAt":1781229865290,"status":"passed","title":"should convert a LLM node"},{"ancestorTitles":["Converter Module","convertNode"],"duration":1,"failing":false,"failureDetails":[],"failureMessages":[],"fullName":"Converter Module convertNode should handle nodes without position","invocations":1,"location":null,"numPassingAsserts":1,"retryReasons":[],"startAt":1781229865292,"status":"passed","title":"should handle nodes without position"},{"ancestorTitles":["Converter Module","convertNode"],"duration":2,"failing":false,"failureDetails":[],"failureMessages":[],"fullName":"Converter Module convertNode should convert node id to string","invocations":1,"location":null,"numPassingAsserts":2,"retryReasons":[],"startAt":1781229865293,"status":"passed","title":"should convert node id to string"},{"ancestorTitles":["Converter Module","convertYamlToClipboard"],"duration":4,"failing":false,"failureDetails":[],"failureMessages":[],"fullName":"Converter Module convertYamlToClipboard should convert complete workflow","invocations":1,"location":null,"numPassingAsserts":5,"retryReasons":[],"startAt":1781229865295,"status":"passed","title":"should convert complete workflow"},{"ancestorTitles":["Converter Module","convertYamlToClipboard"],"duration":2,"failing":false,"failureDetails":[],"failureMessages":[],"fullName":"Converter Module convertYamlToClipboard should handle empty workflow name","invocations":1,"location":null,"numPassingAsserts":1,"retryReasons":[],"startAt":1781229865301,"status":"passed","title":"should handle empty workflow name"},{"ancestorTitles":["Converter Module","convertYamlToClipboard"],"duration":1,"failing":false,"failureDetails":[],"failureMessages":[],"fullName":"Converter Module convertYamlToClipboard should calculate bounds correctly","invocations":1,"location":null,"numPassingAsserts":4,"retryReasons":[],"startAt":1781229865303,"status":"passed","title":"should calculate bounds correctly"},{"ancestorTitles":["Converter Module","convertYamlToClipboard"],"duration":0,"failing":false,"failureDetails":[],"failureMessages":[],"fullName":"Converter Module convertYamlToClipboard should handle workflow without edges","invocations":1,"location":null,"numPassingAsserts":1,"retryReasons":[],"startAt":1781229865305,"status":"passed","title":"should handle workflow without edges"},{"ancestorTitles":["Converter Module","convertYamlToClipboard"],"duration":0,"failing":false,"failureDetails":[],"failureMessages":[],"fullName":"Converter Module convertYamlToClipboard should handle workflow without id","invocations":1,"location":null,"numPassingAsserts":1,"retryReasons":[],"startAt":1781229865306,"status":"passed","title":"should handle workflow without id"}],"endTime":1781229865309,"message":"","name":"C:\\Users\\Administrator\\Desktop\\workflow\\tests\\converter.test.js","startTime":1781229864453,"status":"passed","summary":""},{"assertionResults":[{"ancestorTitles":["StringUtils","escapeHtml"],"duration":4,"failing":false,"failureDetails":[],"failureMessages":[],"fullName":"StringUtils escapeHtml should escape < and > characters","invocations":1,"location":null,"numPassingAsserts":1,"retryReasons":[],"startAt":1781229865249,"status":"passed","title":"should escape < and > characters"},{"ancestorTitles":["StringUtils","escapeHtml"],"duration":4,"failing":false,"failureDetails":[],"failureMessages":[],"fullName":"StringUtils escapeHtml should escape & character","invocations":1,"location":null,"numPassingAsserts":1,"retryReasons":[],"startAt":1781229865254,"status":"passed","title":"should escape & character"},{"ancestorTitles":["StringUtils","escapeHtml"],"duration":0,"failing":false,"failureDetails":[],"failureMessages":[],"fullName":"StringUtils escapeHtml should escape \" character","invocations":1,"location":null,"numPassingAsserts":1,"retryReasons":[],"startAt":1781229865258,"status":"passed","title":"should escape \" character"},{"ancestorTitles":["StringUtils","escapeHtml"],"duration":0,"failing":false,"failureDetails":[],"failureMessages":[],"fullName":"StringUtils escapeHtml should return empty string for null/undefined","invocations":1,"location":null,"numPassingAsserts":2,"retryReasons":[],"startAt":1781229865259,"status":"passed","title":"should return empty string for null/undefined"},{"ancestorTitles":["StringUtils","escapeHtml"],"duration":1,"failing":false,"failureDetails":[],"failureMessages":[],"fullName":"StringUtils escapeHtml should not escape safe characters","invocations":1,"location":null,"numPassingAsserts":1,"retryReasons":[],"startAt":1781229865259,"status":"passed","title":"should not escape safe characters"},{"ancestorTitles":["StringUtils","escapeHtml"],"duration":1,"failing":false,"failureDetails":[],"failureMessages":[],"fullName":"StringUtils escapeHtml should handle numbers","invocations":1,"location":null,"numPassingAsserts":1,"retryReasons":[],"startAt":1781229865260,"status":"passed","title":"should handle numbers"},{"ancestorTitles":["StringUtils","truncate"],"duration":0,"failing":false,"failureDetails":[],"failureMessages":[],"fullName":"StringUtils truncate should truncate long strings","invocations":1,"location":null,"numPassingAsserts":1,"retryReasons":[],"startAt":1781229865262,"status":"passed","title":"should truncate long strings"},{"ancestorTitles":["StringUtils","truncate"],"duration":0,"failing":false,"failureDetails":[],"failureMessages":[],"fullName":"StringUtils truncate should return original string if shorter than limit","invocations":1,"location":null,"numPassingAsserts":1,"retryReasons":[],"startAt":1781229865263,"status":"passed","title":"should return original string if shorter than limit"},{"ancestorTitles":["StringUtils","truncate"],"duration":1,"failing":false,"failureDetails":[],"failureMessages":[],"fullName":"StringUtils truncate should handle empty string","invocations":1,"location":null,"numPassingAsserts":1,"retryReasons":[],"startAt":1781229865263,"status":"passed","title":"should handle empty string"},{"ancestorTitles":["StringUtils","generateId"],"duration":8,"failing":false,"failureDetails":[],"failureMessages":[],"fullName":"StringUtils generateId should generate unique IDs","invocations":1,"location":null,"numPassingAsserts":1,"retryReasons":[],"startAt":1781229865264,"status":"passed","title":"should generate unique IDs"},{"ancestorTitles":["StringUtils","generateId"],"duration":1,"failing":false,"failureDetails":[],"failureMessages":[],"fullName":"StringUtils generateId should be string type","invocations":1,"location":null,"numPassingAsserts":1,"retryReasons":[],"startAt":1781229865272,"status":"passed","title":"should be string type"},{"ancestorTitles":["StringUtils","formatTime"],"duration":33,"failing":false,"failureDetails":[],"failureMessages":[],"fullName":"StringUtils formatTime should format timestamp","invocations":1,"location":null,"numPassingAsserts":2,"retryReasons":[],"startAt":1781229865273,"status":"passed","title":"should format timestamp"},{"ancestorTitles":["Storage","set and get"],"duration":1,"failing":false,"failureDetails":[],"failureMessages":[],"fullName":"Storage set and get should store and retrieve values","invocations":1,"location":null,"numPassingAsserts":1,"retryReasons":[],"startAt":1781229865306,"status":"passed","title":"should store and retrieve values"},{"ancestorTitles":["Storage","set and get"],"duration":2,"failing":false,"failureDetails":[],"failureMessages":[],"fullName":"Storage set and get should store and retrieve objects","invocations":1,"location":null,"numPassingAsserts":1,"retryReasons":[],"startAt":1781229865307,"status":"passed","title":"should store and retrieve objects"},{"ancestorTitles":["Storage","set and get"],"duration":0,"failing":false,"failureDetails":[],"failureMessages":[],"fullName":"Storage set and get should return null for non-existent key","invocations":1,"location":null,"numPassingAsserts":1,"retryReasons":[],"startAt":1781229865309,"status":"passed","title":"should return null for non-existent key"},{"ancestorTitles":["Storage","remove"],"duration":0,"failing":false,"failureDetails":[],"failureMessages":[],"fullName":"Storage remove should remove stored value","invocations":1,"location":null,"numPassingAsserts":1,"retryReasons":[],"startAt":1781229865310,"status":"passed","title":"should remove stored value"},{"ancestorTitles":["Storage","clear"],"duration":1,"failing":false,"failureDetails":[],"failureMessages":[],"fullName":"Storage clear should clear all stored values","invocations":1,"location":null,"numPassingAsserts":2,"retryReasons":[],"startAt":1781229865310,"status":"passed","title":"should clear all stored values"}],"endTime":1781229865314,"message":"","name":"C:\\Users\\Administrator\\Desktop\\workflow\\tests\\helpers.test.js","startTime":1781229865032,"status":"passed","summary":""}],"wasInterrupted":false}
